<?xml version="1.0" encoding="UTF-8"?>
<testsuite xmlns:xsi="http://www.w3.org/2001/XMLSchema-instance" xsi:noNamespaceSchemaLocation="https://maven.apache.org/surefire/maven-surefire-plugin/xsd/surefire-test-report.xsd" name="com.ys.stack.StackTest" time="0" tests="1" errors="0" skipped="0" failures="0">
  <properties>
    <property name="sun.desktop" value="windows"/>
    <property name="awt.toolkit" value="sun.awt.windows.WToolkit"/>
    <property name="file.encoding.pkg" value="sun.io"/>
    <property name="java.specification.version" value="1.8"/>
    <property name="sun.cpu.isalist" value="amd64"/>
    <property name="sun.jnu.encoding" value="GBK"/>
    <property name="java.class.path" value="D:\github\springboot2.0-chapter-demo\dataStructures\target\test-classes;D:\github\springboot2.0-chapter-demo\dataStructures\target\classes;e:\mvn_repository\aliyun\org\springframework\boot\spring-boot-starter-web\2.0.0.RELEASE\spring-boot-starter-web-2.0.0.RELEASE.jar;e:\mvn_repository\aliyun\org\springframework\boot\spring-boot-starter\2.0.0.RELEASE\spring-boot-starter-2.0.0.RELEASE.jar;e:\mvn_repository\aliyun\org\springframework\boot\spring-boot\2.0.0.RELEASE\spring-boot-2.0.0.RELEASE.jar;e:\mvn_repository\aliyun\org\springframework\boot\spring-boot-autoconfigure\2.0.0.RELEASE\spring-boot-autoconfigure-2.0.0.RELEASE.jar;e:\mvn_repository\aliyun\org\springframework\boot\spring-boot-starter-logging\2.0.0.RELEASE\spring-boot-starter-logging-2.0.0.RELEASE.jar;e:\mvn_repository\aliyun\ch\qos\logback\logback-classic\1.2.3\logback-classic-1.2.3.jar;e:\mvn_repository\aliyun\ch\qos\logback\logback-core\1.2.3\logback-core-1.2.3.jar;e:\mvn_repository\aliyun\org\apache\logging\log4j\log4j-to-slf4j\2.10.0\log4j-to-slf4j-2.10.0.jar;e:\mvn_repository\aliyun\org\apache\logging\log4j\log4j-api\2.10.0\log4j-api-2.10.0.jar;e:\mvn_repository\aliyun\org\slf4j\jul-to-slf4j\1.7.25\jul-to-slf4j-1.7.25.jar;e:\mvn_repository\aliyun\org\yaml\snakeyaml\1.19\snakeyaml-1.19.jar;e:\mvn_repository\aliyun\org\springframework\boot\spring-boot-starter-json\2.0.0.RELEASE\spring-boot-starter-json-2.0.0.RELEASE.jar;e:\mvn_repository\aliyun\com\fasterxml\jackson\core\jackson-databind\2.9.4\jackson-databind-2.9.4.jar;e:\mvn_repository\aliyun\com\fasterxml\jackson\core\jackson-annotations\2.9.0\jackson-annotations-2.9.0.jar;e:\mvn_repository\aliyun\com\fasterxml\jackson\core\jackson-core\2.9.4\jackson-core-2.9.4.jar;e:\mvn_repository\aliyun\com\fasterxml\jackson\datatype\jackson-datatype-jdk8\2.9.4\jackson-datatype-jdk8-2.9.4.jar;e:\mvn_repository\aliyun\com\fasterxml\jackson\datatype\jackson-datatype-jsr310\2.9.4\jackson-datatype-jsr310-2.9.4.jar;e:\mvn_repository\aliyun\com\fasterxml\jackson\module\jackson-module-parameter-names\2.9.4\jackson-module-parameter-names-2.9.4.jar;e:\mvn_repository\aliyun\org\hibernate\validator\hibernate-validator\6.0.7.Final\hibernate-validator-6.0.7.Final.jar;e:\mvn_repository\aliyun\javax\validation\validation-api\2.0.1.Final\validation-api-2.0.1.Final.jar;e:\mvn_repository\aliyun\org\jboss\logging\jboss-logging\3.3.2.Final\jboss-logging-3.3.2.Final.jar;e:\mvn_repository\aliyun\com\fasterxml\classmate\1.3.4\classmate-1.3.4.jar;e:\mvn_repository\aliyun\org\springframework\spring-web\5.0.4.RELEASE\spring-web-5.0.4.RELEASE.jar;e:\mvn_repository\aliyun\org\springframework\spring-webmvc\5.0.4.RELEASE\spring-webmvc-5.0.4.RELEASE.jar;e:\mvn_repository\aliyun\org\springframework\spring-aop\5.0.4.RELEASE\spring-aop-5.0.4.RELEASE.jar;e:\mvn_repository\aliyun\org\springframework\spring-context\5.0.4.RELEASE\spring-context-5.0.4.RELEASE.jar;e:\mvn_repository\aliyun\org\springframework\spring-expression\5.0.4.RELEASE\spring-expression-5.0.4.RELEASE.jar;e:\mvn_repository\aliyun\org\springframework\boot\spring-boot-starter-test\2.0.0.RELEASE\spring-boot-starter-test-2.0.0.RELEASE.jar;e:\mvn_repository\aliyun\org\springframework\boot\spring-boot-test\2.0.0.RELEASE\spring-boot-test-2.0.0.RELEASE.jar;e:\mvn_repository\aliyun\org\springframework\boot\spring-boot-test-autoconfigure\2.0.0.RELEASE\spring-boot-test-autoconfigure-2.0.0.RELEASE.jar;e:\mvn_repository\aliyun\com\jayway\jsonpath\json-path\2.4.0\json-path-2.4.0.jar;e:\mvn_repository\aliyun\net\minidev\json-smart\2.3\json-smart-2.3.jar;e:\mvn_repository\aliyun\net\minidev\accessors-smart\1.2\accessors-smart-1.2.jar;e:\mvn_repository\aliyun\org\ow2\asm\asm\5.0.4\asm-5.0.4.jar;e:\mvn_repository\aliyun\org\slf4j\slf4j-api\1.7.25\slf4j-api-1.7.25.jar;e:\mvn_repository\aliyun\junit\junit\4.12\junit-4.12.jar;e:\mvn_repository\aliyun\org\assertj\assertj-core\3.9.1\assertj-core-3.9.1.jar;e:\mvn_repository\aliyun\org\mockito\mockito-core\2.15.0\mockito-core-2.15.0.jar;e:\mvn_repository\aliyun\net\bytebuddy\byte-buddy\1.7.10\byte-buddy-1.7.10.jar;e:\mvn_repository\aliyun\net\bytebuddy\byte-buddy-agent\1.7.10\byte-buddy-agent-1.7.10.jar;e:\mvn_repository\aliyun\org\objenesis\objenesis\2.6\objenesis-2.6.jar;e:\mvn_repository\aliyun\org\hamcrest\hamcrest-core\1.3\hamcrest-core-1.3.jar;e:\mvn_repository\aliyun\org\hamcrest\hamcrest-library\1.3\hamcrest-library-1.3.jar;e:\mvn_repository\aliyun\org\skyscreamer\jsonassert\1.5.0\jsonassert-1.5.0.jar;e:\mvn_repository\aliyun\com\vaadin\external\google\android-json\0.0.20131108.vaadin1\android-json-0.0.20131108.vaadin1.jar;e:\mvn_repository\aliyun\org\springframework\spring-core\5.0.4.RELEASE\spring-core-5.0.4.RELEASE.jar;e:\mvn_repository\aliyun\org\springframework\spring-jcl\5.0.4.RELEASE\spring-jcl-5.0.4.RELEASE.jar;e:\mvn_repository\aliyun\org\springframework\spring-test\5.0.4.RELEASE\spring-test-5.0.4.RELEASE.jar;e:\mvn_repository\aliyun\org\xmlunit\xmlunit-core\2.5.1\xmlunit-core-2.5.1.jar;e:\mvn_repository\aliyun\org\springframework\boot\spring-boot-starter-tomcat\2.0.0.RELEASE\spring-boot-starter-tomcat-2.0.0.RELEASE.jar;e:\mvn_repository\aliyun\javax\annotation\javax.annotation-api\1.3.2\javax.annotation-api-1.3.2.jar;e:\mvn_repository\aliyun\org\apache\tomcat\embed\tomcat-embed-core\8.5.28\tomcat-embed-core-8.5.28.jar;e:\mvn_repository\aliyun\org\apache\tomcat\embed\tomcat-embed-el\8.5.28\tomcat-embed-el-8.5.28.jar;e:\mvn_repository\aliyun\org\apache\tomcat\embed\tomcat-embed-websocket\8.5.28\tomcat-embed-websocket-8.5.28.jar;e:\mvn_repository\aliyun\org\springframework\spring-tx\5.0.8.RELEASE\spring-tx-5.0.8.RELEASE.jar;e:\mvn_repository\aliyun\org\springframework\spring-beans\5.0.4.RELEASE\spring-beans-5.0.4.RELEASE.jar;"/>
    <property name="java.vm.vendor" value="Oracle Corporation"/>
    <property name="sun.arch.data.model" value="64"/>
    <property name="user.variant" value=""/>
    <property name="java.vendor.url" value="http://java.oracle.com/"/>
    <property name="user.timezone" value=""/>
    <property name="java.vm.specification.version" value="1.8"/>
    <property name="os.name" value="Windows 7"/>
    <property name="user.country" value="CN"/>
    <property name="sun.java.launcher" value="SUN_STANDARD"/>
    <property name="sun.boot.library.path" value="D:\Program Files\Java\jdk1.8.0_66\jre\bin"/>
    <property name="sun.java.command" value="C:\Users\ADMINI~1\AppData\Local\Temp\surefire6144876925536699013\surefirebooter4210057640412107404.jar C:\Users\Administrator\AppData\Local\Temp\surefire6144876925536699013 2019-07-25T10-31-36_120-jvmRun1 surefire1828187735221859843tmp surefire_03618509604757290268tmp"/>
    <property name="surefire.test.class.path" value="D:\github\springboot2.0-chapter-demo\dataStructures\target\test-classes;D:\github\springboot2.0-chapter-demo\dataStructures\target\classes;e:\mvn_repository\aliyun\org\springframework\boot\spring-boot-starter-web\2.0.0.RELEASE\spring-boot-starter-web-2.0.0.RELEASE.jar;e:\mvn_repository\aliyun\org\springframework\boot\spring-boot-starter\2.0.0.RELEASE\spring-boot-starter-2.0.0.RELEASE.jar;e:\mvn_repository\aliyun\org\springframework\boot\spring-boot\2.0.0.RELEASE\spring-boot-2.0.0.RELEASE.jar;e:\mvn_repository\aliyun\org\springframework\boot\spring-boot-autoconfigure\2.0.0.RELEASE\spring-boot-autoconfigure-2.0.0.RELEASE.jar;e:\mvn_repository\aliyun\org\springframework\boot\spring-boot-starter-logging\2.0.0.RELEASE\spring-boot-starter-logging-2.0.0.RELEASE.jar;e:\mvn_repository\aliyun\ch\qos\logback\logback-classic\1.2.3\logback-classic-1.2.3.jar;e:\mvn_repository\aliyun\ch\qos\logback\logback-core\1.2.3\logback-core-1.2.3.jar;e:\mvn_repository\aliyun\org\apache\logging\log4j\log4j-to-slf4j\2.10.0\log4j-to-slf4j-2.10.0.jar;e:\mvn_repository\aliyun\org\apache\logging\log4j\log4j-api\2.10.0\log4j-api-2.10.0.jar;e:\mvn_repository\aliyun\org\slf4j\jul-to-slf4j\1.7.25\jul-to-slf4j-1.7.25.jar;e:\mvn_repository\aliyun\org\yaml\snakeyaml\1.19\snakeyaml-1.19.jar;e:\mvn_repository\aliyun\org\springframework\boot\spring-boot-starter-json\2.0.0.RELEASE\spring-boot-starter-json-2.0.0.RELEASE.jar;e:\mvn_repository\aliyun\com\fasterxml\jackson\core\jackson-databind\2.9.4\jackson-databind-2.9.4.jar;e:\mvn_repository\aliyun\com\fasterxml\jackson\core\jackson-annotations\2.9.0\jackson-annotations-2.9.0.jar;e:\mvn_repository\aliyun\com\fasterxml\jackson\core\jackson-core\2.9.4\jackson-core-2.9.4.jar;e:\mvn_repository\aliyun\com\fasterxml\jackson\datatype\jackson-datatype-jdk8\2.9.4\jackson-datatype-jdk8-2.9.4.jar;e:\mvn_repository\aliyun\com\fasterxml\jackson\datatype\jackson-datatype-jsr310\2.9.4\jackson-datatype-jsr310-2.9.4.jar;e:\mvn_repository\aliyun\com\fasterxml\jackson\module\jackson-module-parameter-names\2.9.4\jackson-module-parameter-names-2.9.4.jar;e:\mvn_repository\aliyun\org\hibernate\validator\hibernate-validator\6.0.7.Final\hibernate-validator-6.0.7.Final.jar;e:\mvn_repository\aliyun\javax\validation\validation-api\2.0.1.Final\validation-api-2.0.1.Final.jar;e:\mvn_repository\aliyun\org\jboss\logging\jboss-logging\3.3.2.Final\jboss-logging-3.3.2.Final.jar;e:\mvn_repository\aliyun\com\fasterxml\classmate\1.3.4\classmate-1.3.4.jar;e:\mvn_repository\aliyun\org\springframework\spring-web\5.0.4.RELEASE\spring-web-5.0.4.RELEASE.jar;e:\mvn_repository\aliyun\org\springframework\spring-webmvc\5.0.4.RELEASE\spring-webmvc-5.0.4.RELEASE.jar;e:\mvn_repository\aliyun\org\springframework\spring-aop\5.0.4.RELEASE\spring-aop-5.0.4.RELEASE.jar;e:\mvn_repository\aliyun\org\springframework\spring-context\5.0.4.RELEASE\spring-context-5.0.4.RELEASE.jar;e:\mvn_repository\aliyun\org\springframework\spring-expression\5.0.4.RELEASE\spring-expression-5.0.4.RELEASE.jar;e:\mvn_repository\aliyun\org\springframework\boot\spring-boot-starter-test\2.0.0.RELEASE\spring-boot-starter-test-2.0.0.RELEASE.jar;e:\mvn_repository\aliyun\org\springframework\boot\spring-boot-test\2.0.0.RELEASE\spring-boot-test-2.0.0.RELEASE.jar;e:\mvn_repository\aliyun\org\springframework\boot\spring-boot-test-autoconfigure\2.0.0.RELEASE\spring-boot-test-autoconfigure-2.0.0.RELEASE.jar;e:\mvn_repository\aliyun\com\jayway\jsonpath\json-path\2.4.0\json-path-2.4.0.jar;e:\mvn_repository\aliyun\net\minidev\json-smart\2.3\json-smart-2.3.jar;e:\mvn_repository\aliyun\net\minidev\accessors-smart\1.2\accessors-smart-1.2.jar;e:\mvn_repository\aliyun\org\ow2\asm\asm\5.0.4\asm-5.0.4.jar;e:\mvn_repository\aliyun\org\slf4j\slf4j-api\1.7.25\slf4j-api-1.7.25.jar;e:\mvn_repository\aliyun\junit\junit\4.12\junit-4.12.jar;e:\mvn_repository\aliyun\org\assertj\assertj-core\3.9.1\assertj-core-3.9.1.jar;e:\mvn_repository\aliyun\org\mockito\mockito-core\2.15.0\mockito-core-2.15.0.jar;e:\mvn_repository\aliyun\net\bytebuddy\byte-buddy\1.7.10\byte-buddy-1.7.10.jar;e:\mvn_repository\aliyun\net\bytebuddy\byte-buddy-agent\1.7.10\byte-buddy-agent-1.7.10.jar;e:\mvn_repository\aliyun\org\objenesis\objenesis\2.6\objenesis-2.6.jar;e:\mvn_repository\aliyun\org\hamcrest\hamcrest-core\1.3\hamcrest-core-1.3.jar;e:\mvn_repository\aliyun\org\hamcrest\hamcrest-library\1.3\hamcrest-library-1.3.jar;e:\mvn_repository\aliyun\org\skyscreamer\jsonassert\1.5.0\jsonassert-1.5.0.jar;e:\mvn_repository\aliyun\com\vaadin\external\google\android-json\0.0.20131108.vaadin1\android-json-0.0.20131108.vaadin1.jar;e:\mvn_repository\aliyun\org\springframework\spring-core\5.0.4.RELEASE\spring-core-5.0.4.RELEASE.jar;e:\mvn_repository\aliyun\org\springframework\spring-jcl\5.0.4.RELEASE\spring-jcl-5.0.4.RELEASE.jar;e:\mvn_repository\aliyun\org\springframework\spring-test\5.0.4.RELEASE\spring-test-5.0.4.RELEASE.jar;e:\mvn_repository\aliyun\org\xmlunit\xmlunit-core\2.5.1\xmlunit-core-2.5.1.jar;e:\mvn_repository\aliyun\org\springframework\boot\spring-boot-starter-tomcat\2.0.0.RELEASE\spring-boot-starter-tomcat-2.0.0.RELEASE.jar;e:\mvn_repository\aliyun\javax\annotation\javax.annotation-api\1.3.2\javax.annotation-api-1.3.2.jar;e:\mvn_repository\aliyun\org\apache\tomcat\embed\tomcat-embed-core\8.5.28\tomcat-embed-core-8.5.28.jar;e:\mvn_repository\aliyun\org\apache\tomcat\embed\tomcat-embed-el\8.5.28\tomcat-embed-el-8.5.28.jar;e:\mvn_repository\aliyun\org\apache\tomcat\embed\tomcat-embed-websocket\8.5.28\tomcat-embed-websocket-8.5.28.jar;e:\mvn_repository\aliyun\org\springframework\spring-tx\5.0.8.RELEASE\spring-tx-5.0.8.RELEASE.jar;e:\mvn_repository\aliyun\org\springframework\spring-beans\5.0.4.RELEASE\spring-beans-5.0.4.RELEASE.jar;"/>
    <property name="sun.cpu.endian" value="little"/>
    <property name="user.home" value="C:\Users\Administrator"/>
    <property name="user.language" value="zh"/>
    <property name="java.specification.vendor" value="Oracle Corporation"/>
    <property name="java.home" value="D:\Program Files\Java\jdk1.8.0_66\jre"/>
    <property name="basedir" value="D:\github\springboot2.0-chapter-demo\dataStructures"/>
    <property name="file.separator" value="\"/>
    <property name="line.separator" value="&#10;"/>
    <property name="java.vm.specification.vendor" value="Oracle Corporation"/>
    <property name="java.specification.name" value="Java Platform API Specification"/>
    <property name="java.awt.graphicsenv" value="sun.awt.Win32GraphicsEnvironment"/>
    <property name="surefire.real.class.path" value="C:\Users\ADMINI~1\AppData\Local\Temp\surefire6144876925536699013\surefirebooter4210057640412107404.jar"/>
    <property name="sun.boot.class.path" value="D:\Program Files\Java\jdk1.8.0_66\jre\lib\resources.jar;D:\Program Files\Java\jdk1.8.0_66\jre\lib\rt.jar;D:\Program Files\Java\jdk1.8.0_66\jre\lib\sunrsasign.jar;D:\Program Files\Java\jdk1.8.0_66\jre\lib\jsse.jar;D:\Program Files\Java\jdk1.8.0_66\jre\lib\jce.jar;D:\Program Files\Java\jdk1.8.0_66\jre\lib\charsets.jar;D:\Program Files\Java\jdk1.8.0_66\jre\lib\jfr.jar;D:\Program Files\Java\jdk1.8.0_66\jre\classes"/>
    <property name="user.script" value=""/>
    <property name="sun.management.compiler" value="HotSpot 64-Bit Tiered Compilers"/>
    <property name="java.runtime.version" value="1.8.0_66-b18"/>
    <property name="user.name" value="Administrator"/>
    <property name="path.separator" value=";"/>
    <property name="os.version" value="6.1"/>
    <property name="java.endorsed.dirs" value="D:\Program Files\Java\jdk1.8.0_66\jre\lib\endorsed"/>
    <property name="java.runtime.name" value="Java(TM) SE Runtime Environment"/>
    <property name="file.encoding" value="GBK"/>
    <property name="java.vm.name" value="Java HotSpot(TM) 64-Bit Server VM"/>
    <property name="localRepository" value="e:\mvn_repository\aliyun"/>
    <property name="java.vendor.url.bug" value="http://bugreport.sun.com/bugreport/"/>
    <property name="java.io.tmpdir" value="C:\Users\ADMINI~1\AppData\Local\Temp\"/>
    <property name="java.version" value="1.8.0_66"/>
    <property name="user.dir" value="D:\github\springboot2.0-chapter-demo\dataStructures"/>
    <property name="os.arch" value="amd64"/>
    <property name="java.vm.specification.name" value="Java Virtual Machine Specification"/>
    <property name="java.awt.printerjob" value="sun.awt.windows.WPrinterJob"/>
    <property name="idea.version2019.1.3" value="true"/>
    <property name="sun.os.patch.level" value="Service Pack 1"/>
    <property name="java.library.path" value="D:\Program Files\Java\jdk1.8.0_66\jre\bin;C:\Windows\Sun\Java\bin;C:\Windows\system32;C:\Windows;D:\hyb\gradle-4.4-all\bin;D:\Python\Python36;E:\apache-maven-3.0.4\bin;D:\Program Files\Java\jdk1.8.0_66\bin;D:\Program Files\Java\jdk1.8.0_66\jre\bin;C:\Ruby21-x64\bin;C:\ProgramData\Oracle\Java\javapath;D:\Android\android-sdk;C:\Windows\system32;C:\Windows;C:\Windows\system32\wbem;E:\zhang\workspace\apache-maven-3.3.3\bin;D:\Program Files\TortoiseSVN\bin;C:\Program Files\TortoiseGit\bin;C:\Program Files\Git\cmd;d:\Program Files\Boot2Docker for Windows;d:\Users\Administrator\AppData\Local\Programs\Microsoft VS Code\bin;d:\Program Files\JetBrains\IntelliJ IDEA 2019.1.2\bin;;."/>
    <property name="java.vm.info" value="mixed mode"/>
    <property name="java.vendor" value="Oracle Corporation"/>
    <property name="java.vm.version" value="25.66-b18"/>
    <property name="java.ext.dirs" value="D:\Program Files\Java\jdk1.8.0_66\jre\lib\ext;C:\Windows\Sun\Java\lib\ext"/>
    <property name="sun.io.unicode.encoding" value="UnicodeLittle"/>
    <property name="java.class.version" value="52.0"/>
  </properties>
  <testcase name="testStack" classname="com.ys.stack.StackTest" time="0"/>
</testsuite>